<?xml version="1.0" encoding="UTF-8" ?>
<testsuite failures="0" time="0.375" errors="0" skipped="0" tests="1" name="org.trivadis.websocket.AppTest">
  <properties>
    <property name="java.runtime.name" value="Java(TM) SE Runtime Environment"/>
    <property name="sun.boot.library.path" value="F:\InstallsEdu\Java\jdk1.6.0_24\jre\bin"/>
    <property name="java.vm.version" value="19.1-b02"/>
    <property name="java.vm.vendor" value="Sun Microsystems Inc."/>
    <property name="java.vendor.url" value="http://java.sun.com/"/>
    <property name="path.separator" value=";"/>
    <property name="java.vm.name" value="Java HotSpot(TM) Client VM"/>
    <property name="file.encoding.pkg" value="sun.io"/>
    <property name="user.country" value="US"/>
    <property name="sun.java.launcher" value="SUN_STANDARD"/>
    <property name="sun.os.patch.level" value="Service Pack 2"/>
    <property name="java.vm.specification.name" value="Java Virtual Machine Specification"/>
    <property name="user.dir" value="F:\JiniWorldWS\JiniWorld"/>
    <property name="java.runtime.version" value="1.6.0_24-b07"/>
    <property name="java.awt.graphicsenv" value="sun.awt.Win32GraphicsEnvironment"/>
    <property name="basedir" value="F:\JiniWorldWS\JiniWorld"/>
    <property name="java.endorsed.dirs" value="F:\InstallsEdu\Java\jdk1.6.0_24\jre\lib\endorsed"/>
    <property name="os.arch" value="x86"/>
    <property name="surefire.real.class.path" value="C:\DOCUME~1\VASANTHA\LOCALS~1\Temp\surefirebooter8799911435763444744.jar"/>
    <property name="java.io.tmpdir" value="C:\DOCUME~1\VASANTHA\LOCALS~1\Temp\"/>
    <property name="line.separator" value="
"/>
    <property name="java.vm.specification.vendor" value="Sun Microsystems Inc."/>
    <property name="user.variant" value=""/>
    <property name="os.name" value="Windows XP"/>
    <property name="sun.jnu.encoding" value="Cp1252"/>
    <property name="java.library.path" value="F:\InstallsEdu\Java\jdk1.6.0_24\jre\bin;.;C:\WINDOWS\Sun\Java\bin;C:\WINDOWS\system32;C:\WINDOWS;C:\Program Files\PC Connectivity Solution\;C:\WINDOWS\system32;C:\WINDOWS;C:\WINDOWS\System32\Wbem;F:\InstallsEdu\Java\jdk1.6.0_24\bin;G:\Program Files\Smart Projects\IsoBuster;E:\InstallsEdu\apache-ant-1.8.2\bin;E:\InstallsEdu\decomp;E:\InstallsEdu\apache-maven-2.2.1\bin;C:\Program Files\Common Files\Teleca Shared;C:\WINDOWS\system32\Wbem;E:\PROGRA~1\DISKEE~1\DISKEE~1\;E:\Program Files\QuickTime\QTSystem\"/>
    <property name="surefire.test.class.path" value="F:\JiniWorldWS\JiniWorld\target\test-classes;F:\JiniWorldWS\JiniWorld\target\classes;C:\Documents and Settings\VASANTHA\.m2\repository\junit\junit\4.4\junit-4.4.jar;C:\Documents and Settings\VASANTHA\.m2\repository\org\eclipse\jetty\jetty-server\7.4.5.v20110725\jetty-server-7.4.5.v20110725.jar;C:\Documents and Settings\VASANTHA\.m2\repository\javax\servlet\servlet-api\2.5\servlet-api-2.5.jar;C:\Documents and Settings\VASANTHA\.m2\repository\org\eclipse\jetty\jetty-continuation\7.4.5.v20110725\jetty-continuation-7.4.5.v20110725.jar;C:\Documents and Settings\VASANTHA\.m2\repository\org\eclipse\jetty\jetty-http\7.4.5.v20110725\jetty-http-7.4.5.v20110725.jar;C:\Documents and Settings\VASANTHA\.m2\repository\org\eclipse\jetty\jetty-io\7.4.5.v20110725\jetty-io-7.4.5.v20110725.jar;C:\Documents and Settings\VASANTHA\.m2\repository\org\eclipse\jetty\jetty-util\7.4.5.v20110725\jetty-util-7.4.5.v20110725.jar;C:\Documents and Settings\VASANTHA\.m2\repository\org\eclipse\jetty\jetty-websocket\7.4.5.v20110725\jetty-websocket-7.4.5.v20110725.jar;C:\Documents and Settings\VASANTHA\.m2\repository\javax\faces\jsf-api\1.2\jsf-api-1.2.jar;C:\Documents and Settings\VASANTHA\.m2\repository\javax\faces\jsf-impl\1.2\jsf-impl-1.2-NIGHTLY_20060227.jar;C:\Documents and Settings\VASANTHA\.m2\repository\javax\javaee-web-api\6.0\javaee-web-api-6.0.jar;"/>
    <property name="java.specification.name" value="Java Platform API Specification"/>
    <property name="java.class.version" value="50.0"/>
    <property name="sun.management.compiler" value="HotSpot Client Compiler"/>
    <property name="os.version" value="5.1"/>
    <property name="user.home" value="C:\Documents and Settings\VASANTHA"/>
    <property name="user.timezone" value=""/>
    <property name="java.awt.printerjob" value="sun.awt.windows.WPrinterJob"/>
    <property name="java.specification.version" value="1.6"/>
    <property name="file.encoding" value="Cp1252"/>
    <property name="user.name" value="VASANTHA"/>
    <property name="java.class.path" value="F:\JiniWorldWS\JiniWorld\target\test-classes;F:\JiniWorldWS\JiniWorld\target\classes;C:\Documents and Settings\VASANTHA\.m2\repository\junit\junit\4.4\junit-4.4.jar;C:\Documents and Settings\VASANTHA\.m2\repository\org\eclipse\jetty\jetty-server\7.4.5.v20110725\jetty-server-7.4.5.v20110725.jar;C:\Documents and Settings\VASANTHA\.m2\repository\javax\servlet\servlet-api\2.5\servlet-api-2.5.jar;C:\Documents and Settings\VASANTHA\.m2\repository\org\eclipse\jetty\jetty-continuation\7.4.5.v20110725\jetty-continuation-7.4.5.v20110725.jar;C:\Documents and Settings\VASANTHA\.m2\repository\org\eclipse\jetty\jetty-http\7.4.5.v20110725\jetty-http-7.4.5.v20110725.jar;C:\Documents and Settings\VASANTHA\.m2\repository\org\eclipse\jetty\jetty-io\7.4.5.v20110725\jetty-io-7.4.5.v20110725.jar;C:\Documents and Settings\VASANTHA\.m2\repository\org\eclipse\jetty\jetty-util\7.4.5.v20110725\jetty-util-7.4.5.v20110725.jar;C:\Documents and Settings\VASANTHA\.m2\repository\org\eclipse\jetty\jetty-websocket\7.4.5.v20110725\jetty-websocket-7.4.5.v20110725.jar;C:\Documents and Settings\VASANTHA\.m2\repository\javax\faces\jsf-api\1.2\jsf-api-1.2.jar;C:\Documents and Settings\VASANTHA\.m2\repository\javax\faces\jsf-impl\1.2\jsf-impl-1.2-NIGHTLY_20060227.jar;C:\Documents and Settings\VASANTHA\.m2\repository\javax\javaee-web-api\6.0\javaee-web-api-6.0.jar;"/>
    <property name="java.vm.specification.version" value="1.0"/>
    <property name="sun.arch.data.model" value="32"/>
    <property name="java.home" value="F:\InstallsEdu\Java\jdk1.6.0_24\jre"/>
    <property name="java.specification.vendor" value="Sun Microsystems Inc."/>
    <property name="user.language" value="en"/>
    <property name="awt.toolkit" value="sun.awt.windows.WToolkit"/>
    <property name="java.vm.info" value="mixed mode, sharing"/>
    <property name="java.version" value="1.6.0_24"/>
    <property name="java.ext.dirs" value="F:\InstallsEdu\Java\jdk1.6.0_24\jre\lib\ext;C:\WINDOWS\Sun\Java\lib\ext"/>
    <property name="sun.boot.class.path" value="F:\InstallsEdu\Java\jdk1.6.0_24\jre\lib\resources.jar;F:\InstallsEdu\Java\jdk1.6.0_24\jre\lib\rt.jar;F:\InstallsEdu\Java\jdk1.6.0_24\jre\lib\sunrsasign.jar;F:\InstallsEdu\Java\jdk1.6.0_24\jre\lib\jsse.jar;F:\InstallsEdu\Java\jdk1.6.0_24\jre\lib\jce.jar;F:\InstallsEdu\Java\jdk1.6.0_24\jre\lib\charsets.jar;F:\InstallsEdu\Java\jdk1.6.0_24\jre\lib\modules\jdk.boot.jar;F:\InstallsEdu\Java\jdk1.6.0_24\jre\classes"/>
    <property name="java.vendor" value="Sun Microsystems Inc."/>
    <property name="localRepository" value="C:\Documents and Settings\VASANTHA\.m2\repository"/>
    <property name="file.separator" value="\"/>
    <property name="java.vendor.url.bug" value="http://java.sun.com/cgi-bin/bugreport.cgi"/>
    <property name="sun.cpu.endian" value="little"/>
    <property name="sun.io.unicode.encoding" value="UnicodeLittle"/>
    <property name="sun.desktop" value="windows"/>
    <property name="sun.cpu.isalist" value="pentium_pro+mmx pentium_pro pentium+mmx pentium i486 i386 i86"/>
  </properties>
  <testcase time="0.016" classname="org.trivadis.websocket.AppTest" name="testApp"/>
</testsuite>